<?xml version="1.0" encoding="UTF-8"?>
<testsuite xmlns:xsi="http://www.w3.org/2001/XMLSchema-instance" xsi:noNamespaceSchemaLocation="https://maven.apache.org/surefire/maven-surefire-plugin/xsd/surefire-test-report.xsd" name="com.pluralsight.conferencedemo.ConferenceDemoApplicationTests" time="4.251" tests="1" errors="0" skipped="0" failures="0">
  <properties>
    <property name="java.specification.version" value="14"/>
    <property name="sun.cpu.isalist" value="amd64"/>
    <property name="sun.jnu.encoding" value="GBK"/>
    <property name="java.class.path" value="C:\Users\lifan\Desktop\Java\conference-demo\conference-demo\target\test-classes;C:\Users\lifan\Desktop\Java\conference-demo\conference-demo\target\classes;C:\Users\lifan\.m2\repository\org\springframework\boot\spring-boot-starter-web\2.4.0-SNAPSHOT\spring-boot-starter-web-2.4.0-SNAPSHOT.jar;C:\Users\lifan\.m2\repository\org\springframework\boot\spring-boot-starter\2.4.0-SNAPSHOT\spring-boot-starter-2.4.0-SNAPSHOT.jar;C:\Users\lifan\.m2\repository\org\springframework\boot\spring-boot\2.4.0-SNAPSHOT\spring-boot-2.4.0-SNAPSHOT.jar;C:\Users\lifan\.m2\repository\org\springframework\boot\spring-boot-autoconfigure\2.4.0-SNAPSHOT\spring-boot-autoconfigure-2.4.0-SNAPSHOT.jar;C:\Users\lifan\.m2\repository\org\springframework\boot\spring-boot-starter-logging\2.4.0-SNAPSHOT\spring-boot-starter-logging-2.4.0-SNAPSHOT.jar;C:\Users\lifan\.m2\repository\ch\qos\logback\logback-classic\1.2.3\logback-classic-1.2.3.jar;C:\Users\lifan\.m2\repository\ch\qos\logback\logback-core\1.2.3\logback-core-1.2.3.jar;C:\Users\lifan\.m2\repository\org\apache\logging\log4j\log4j-to-slf4j\2.13.3\log4j-to-slf4j-2.13.3.jar;C:\Users\lifan\.m2\repository\org\apache\logging\log4j\log4j-api\2.13.3\log4j-api-2.13.3.jar;C:\Users\lifan\.m2\repository\org\slf4j\jul-to-slf4j\1.7.30\jul-to-slf4j-1.7.30.jar;C:\Users\lifan\.m2\repository\jakarta\annotation\jakarta.annotation-api\1.3.5\jakarta.annotation-api-1.3.5.jar;C:\Users\lifan\.m2\repository\org\yaml\snakeyaml\1.27\snakeyaml-1.27.jar;C:\Users\lifan\.m2\repository\org\springframework\boot\spring-boot-starter-json\2.4.0-SNAPSHOT\spring-boot-starter-json-2.4.0-SNAPSHOT.jar;C:\Users\lifan\.m2\repository\com\fasterxml\jackson\core\jackson-databind\2.11.2\jackson-databind-2.11.2.jar;C:\Users\lifan\.m2\repository\com\fasterxml\jackson\core\jackson-annotations\2.11.2\jackson-annotations-2.11.2.jar;C:\Users\lifan\.m2\repository\com\fasterxml\jackson\core\jackson-core\2.11.2\jackson-core-2.11.2.jar;C:\Users\lifan\.m2\repository\com\fasterxml\jackson\datatype\jackson-datatype-jdk8\2.11.2\jackson-datatype-jdk8-2.11.2.jar;C:\Users\lifan\.m2\repository\com\fasterxml\jackson\datatype\jackson-datatype-jsr310\2.11.2\jackson-datatype-jsr310-2.11.2.jar;C:\Users\lifan\.m2\repository\com\fasterxml\jackson\module\jackson-module-parameter-names\2.11.2\jackson-module-parameter-names-2.11.2.jar;C:\Users\lifan\.m2\repository\org\springframework\boot\spring-boot-starter-tomcat\2.4.0-SNAPSHOT\spring-boot-starter-tomcat-2.4.0-SNAPSHOT.jar;C:\Users\lifan\.m2\repository\org\apache\tomcat\embed\tomcat-embed-core\9.0.38\tomcat-embed-core-9.0.38.jar;C:\Users\lifan\.m2\repository\org\apache\tomcat\embed\tomcat-embed-websocket\9.0.38\tomcat-embed-websocket-9.0.38.jar;C:\Users\lifan\.m2\repository\org\springframework\spring-web\5.3.0-RC1\spring-web-5.3.0-RC1.jar;C:\Users\lifan\.m2\repository\org\springframework\spring-beans\5.3.0-RC1\spring-beans-5.3.0-RC1.jar;C:\Users\lifan\.m2\repository\org\springframework\spring-webmvc\5.3.0-RC1\spring-webmvc-5.3.0-RC1.jar;C:\Users\lifan\.m2\repository\org\springframework\spring-aop\5.3.0-RC1\spring-aop-5.3.0-RC1.jar;C:\Users\lifan\.m2\repository\org\springframework\spring-context\5.3.0-RC1\spring-context-5.3.0-RC1.jar;C:\Users\lifan\.m2\repository\org\springframework\spring-expression\5.3.0-RC1\spring-expression-5.3.0-RC1.jar;C:\Users\lifan\.m2\repository\org\springframework\boot\spring-boot-starter-jetty\2.4.0-SNAPSHOT\spring-boot-starter-jetty-2.4.0-SNAPSHOT.jar;C:\Users\lifan\.m2\repository\jakarta\servlet\jakarta.servlet-api\4.0.4\jakarta.servlet-api-4.0.4.jar;C:\Users\lifan\.m2\repository\jakarta\websocket\jakarta.websocket-api\1.1.2\jakarta.websocket-api-1.1.2.jar;C:\Users\lifan\.m2\repository\org\eclipse\jetty\jetty-servlets\9.4.31.v20200723\jetty-servlets-9.4.31.v20200723.jar;C:\Users\lifan\.m2\repository\org\eclipse\jetty\jetty-continuation\9.4.31.v20200723\jetty-continuation-9.4.31.v20200723.jar;C:\Users\lifan\.m2\repository\org\eclipse\jetty\jetty-http\9.4.31.v20200723\jetty-http-9.4.31.v20200723.jar;C:\Users\lifan\.m2\repository\org\eclipse\jetty\jetty-util\9.4.31.v20200723\jetty-util-9.4.31.v20200723.jar;C:\Users\lifan\.m2\repository\org\eclipse\jetty\jetty-io\9.4.31.v20200723\jetty-io-9.4.31.v20200723.jar;C:\Users\lifan\.m2\repository\org\eclipse\jetty\jetty-webapp\9.4.31.v20200723\jetty-webapp-9.4.31.v20200723.jar;C:\Users\lifan\.m2\repository\org\eclipse\jetty\jetty-xml\9.4.31.v20200723\jetty-xml-9.4.31.v20200723.jar;C:\Users\lifan\.m2\repository\org\eclipse\jetty\jetty-servlet\9.4.31.v20200723\jetty-servlet-9.4.31.v20200723.jar;C:\Users\lifan\.m2\repository\org\eclipse\jetty\jetty-security\9.4.31.v20200723\jetty-security-9.4.31.v20200723.jar;C:\Users\lifan\.m2\repository\org\eclipse\jetty\jetty-server\9.4.31.v20200723\jetty-server-9.4.31.v20200723.jar;C:\Users\lifan\.m2\repository\org\eclipse\jetty\websocket\websocket-server\9.4.31.v20200723\websocket-server-9.4.31.v20200723.jar;C:\Users\lifan\.m2\repository\org\eclipse\jetty\websocket\websocket-common\9.4.31.v20200723\websocket-common-9.4.31.v20200723.jar;C:\Users\lifan\.m2\repository\org\eclipse\jetty\websocket\websocket-api\9.4.31.v20200723\websocket-api-9.4.31.v20200723.jar;C:\Users\lifan\.m2\repository\org\eclipse\jetty\websocket\websocket-client\9.4.31.v20200723\websocket-client-9.4.31.v20200723.jar;C:\Users\lifan\.m2\repository\org\eclipse\jetty\jetty-client\9.4.31.v20200723\jetty-client-9.4.31.v20200723.jar;C:\Users\lifan\.m2\repository\org\eclipse\jetty\websocket\websocket-servlet\9.4.31.v20200723\websocket-servlet-9.4.31.v20200723.jar;C:\Users\lifan\.m2\repository\org\eclipse\jetty\websocket\javax-websocket-server-impl\9.4.31.v20200723\javax-websocket-server-impl-9.4.31.v20200723.jar;C:\Users\lifan\.m2\repository\org\eclipse\jetty\jetty-annotations\9.4.31.v20200723\jetty-annotations-9.4.31.v20200723.jar;C:\Users\lifan\.m2\repository\org\eclipse\jetty\jetty-plus\9.4.31.v20200723\jetty-plus-9.4.31.v20200723.jar;C:\Users\lifan\.m2\repository\org\ow2\asm\asm\7.3.1\asm-7.3.1.jar;C:\Users\lifan\.m2\repository\org\ow2\asm\asm-commons\7.3.1\asm-commons-7.3.1.jar;C:\Users\lifan\.m2\repository\org\ow2\asm\asm-tree\7.3.1\asm-tree-7.3.1.jar;C:\Users\lifan\.m2\repository\org\ow2\asm\asm-analysis\7.3.1\asm-analysis-7.3.1.jar;C:\Users\lifan\.m2\repository\org\eclipse\jetty\websocket\javax-websocket-client-impl\9.4.31.v20200723\javax-websocket-client-impl-9.4.31.v20200723.jar;C:\Users\lifan\.m2\repository\org\glassfish\jakarta.el\3.0.3\jakarta.el-3.0.3.jar;C:\Users\lifan\.m2\repository\org\springframework\boot\spring-boot-starter-data-jpa\2.4.0-SNAPSHOT\spring-boot-starter-data-jpa-2.4.0-SNAPSHOT.jar;C:\Users\lifan\.m2\repository\org\springframework\boot\spring-boot-starter-aop\2.4.0-SNAPSHOT\spring-boot-starter-aop-2.4.0-SNAPSHOT.jar;C:\Users\lifan\.m2\repository\org\aspectj\aspectjweaver\1.9.6\aspectjweaver-1.9.6.jar;C:\Users\lifan\.m2\repository\org\springframework\boot\spring-boot-starter-jdbc\2.4.0-SNAPSHOT\spring-boot-starter-jdbc-2.4.0-SNAPSHOT.jar;C:\Users\lifan\.m2\repository\com\zaxxer\HikariCP\3.4.5\HikariCP-3.4.5.jar;C:\Users\lifan\.m2\repository\org\springframework\spring-jdbc\5.3.0-RC1\spring-jdbc-5.3.0-RC1.jar;C:\Users\lifan\.m2\repository\jakarta\transaction\jakarta.transaction-api\1.3.3\jakarta.transaction-api-1.3.3.jar;C:\Users\lifan\.m2\repository\jakarta\persistence\jakarta.persistence-api\2.2.3\jakarta.persistence-api-2.2.3.jar;C:\Users\lifan\.m2\repository\org\hibernate\hibernate-core\5.4.21.Final\hibernate-core-5.4.21.Final.jar;C:\Users\lifan\.m2\repository\org\jboss\logging\jboss-logging\3.4.1.Final\jboss-logging-3.4.1.Final.jar;C:\Users\lifan\.m2\repository\org\javassist\javassist\3.24.0-GA\javassist-3.24.0-GA.jar;C:\Users\lifan\.m2\repository\net\bytebuddy\byte-buddy\1.10.14\byte-buddy-1.10.14.jar;C:\Users\lifan\.m2\repository\antlr\antlr\2.7.7\antlr-2.7.7.jar;C:\Users\lifan\.m2\repository\org\jboss\jandex\2.1.3.Final\jandex-2.1.3.Final.jar;C:\Users\lifan\.m2\repository\com\fasterxml\classmate\1.5.1\classmate-1.5.1.jar;C:\Users\lifan\.m2\repository\org\dom4j\dom4j\2.1.3\dom4j-2.1.3.jar;C:\Users\lifan\.m2\repository\org\hibernate\common\hibernate-commons-annotations\5.1.0.Final\hibernate-commons-annotations-5.1.0.Final.jar;C:\Users\lifan\.m2\repository\org\glassfish\jaxb\jaxb-runtime\2.3.3\jaxb-runtime-2.3.3.jar;C:\Users\lifan\.m2\repository\org\glassfish\jaxb\txw2\2.3.3\txw2-2.3.3.jar;C:\Users\lifan\.m2\repository\com\sun\istack\istack-commons-runtime\3.0.11\istack-commons-runtime-3.0.11.jar;C:\Users\lifan\.m2\repository\com\sun\activation\jakarta.activation\1.2.2\jakarta.activation-1.2.2.jar;C:\Users\lifan\.m2\repository\org\springframework\data\spring-data-jpa\2.4.0-RC1\spring-data-jpa-2.4.0-RC1.jar;C:\Users\lifan\.m2\repository\org\springframework\data\spring-data-commons\2.4.0-RC1\spring-data-commons-2.4.0-RC1.jar;C:\Users\lifan\.m2\repository\org\springframework\spring-orm\5.3.0-RC1\spring-orm-5.3.0-RC1.jar;C:\Users\lifan\.m2\repository\org\springframework\spring-tx\5.3.0-RC1\spring-tx-5.3.0-RC1.jar;C:\Users\lifan\.m2\repository\org\slf4j\slf4j-api\1.7.30\slf4j-api-1.7.30.jar;C:\Users\lifan\.m2\repository\org\springframework\spring-aspects\5.3.0-RC1\spring-aspects-5.3.0-RC1.jar;C:\Users\lifan\.m2\repository\org\postgresql\postgresql\42.2.16\postgresql-42.2.16.jar;C:\Users\lifan\.m2\repository\org\checkerframework\checker-qual\3.5.0\checker-qual-3.5.0.jar;C:\Users\lifan\.m2\repository\org\springframework\boot\spring-boot-starter-test\2.4.0-SNAPSHOT\spring-boot-starter-test-2.4.0-SNAPSHOT.jar;C:\Users\lifan\.m2\repository\org\springframework\boot\spring-boot-test\2.4.0-SNAPSHOT\spring-boot-test-2.4.0-SNAPSHOT.jar;C:\Users\lifan\.m2\repository\org\springframework\boot\spring-boot-test-autoconfigure\2.4.0-SNAPSHOT\spring-boot-test-autoconfigure-2.4.0-SNAPSHOT.jar;C:\Users\lifan\.m2\repository\com\jayway\jsonpath\json-path\2.4.0\json-path-2.4.0.jar;C:\Users\lifan\.m2\repository\net\minidev\json-smart\2.3\json-smart-2.3.jar;C:\Users\lifan\.m2\repository\net\minidev\accessors-smart\1.2\accessors-smart-1.2.jar;C:\Users\lifan\.m2\repository\jakarta\xml\bind\jakarta.xml.bind-api\2.3.3\jakarta.xml.bind-api-2.3.3.jar;C:\Users\lifan\.m2\repository\jakarta\activation\jakarta.activation-api\1.2.2\jakarta.activation-api-1.2.2.jar;C:\Users\lifan\.m2\repository\org\assertj\assertj-core\3.17.2\assertj-core-3.17.2.jar;C:\Users\lifan\.m2\repository\org\hamcrest\hamcrest\2.2\hamcrest-2.2.jar;C:\Users\lifan\.m2\repository\org\junit\jupiter\junit-jupiter\5.7.0\junit-jupiter-5.7.0.jar;C:\Users\lifan\.m2\repository\org\junit\jupiter\junit-jupiter-api\5.7.0\junit-jupiter-api-5.7.0.jar;C:\Users\lifan\.m2\repository\org\apiguardian\apiguardian-api\1.1.0\apiguardian-api-1.1.0.jar;C:\Users\lifan\.m2\repository\org\opentest4j\opentest4j\1.2.0\opentest4j-1.2.0.jar;C:\Users\lifan\.m2\repository\org\junit\platform\junit-platform-commons\1.7.0\junit-platform-commons-1.7.0.jar;C:\Users\lifan\.m2\repository\org\junit\jupiter\junit-jupiter-params\5.7.0\junit-jupiter-params-5.7.0.jar;C:\Users\lifan\.m2\repository\org\junit\jupiter\junit-jupiter-engine\5.7.0\junit-jupiter-engine-5.7.0.jar;C:\Users\lifan\.m2\repository\org\junit\platform\junit-platform-engine\1.7.0\junit-platform-engine-1.7.0.jar;C:\Users\lifan\.m2\repository\org\mockito\mockito-core\3.5.10\mockito-core-3.5.10.jar;C:\Users\lifan\.m2\repository\net\bytebuddy\byte-buddy-agent\1.10.14\byte-buddy-agent-1.10.14.jar;C:\Users\lifan\.m2\repository\org\objenesis\objenesis\3.1\objenesis-3.1.jar;C:\Users\lifan\.m2\repository\org\mockito\mockito-junit-jupiter\3.5.10\mockito-junit-jupiter-3.5.10.jar;C:\Users\lifan\.m2\repository\org\skyscreamer\jsonassert\1.5.0\jsonassert-1.5.0.jar;C:\Users\lifan\.m2\repository\com\vaadin\external\google\android-json\0.0.20131108.vaadin1\android-json-0.0.20131108.vaadin1.jar;C:\Users\lifan\.m2\repository\org\springframework\spring-core\5.3.0-RC1\spring-core-5.3.0-RC1.jar;C:\Users\lifan\.m2\repository\org\springframework\spring-jcl\5.3.0-RC1\spring-jcl-5.3.0-RC1.jar;C:\Users\lifan\.m2\repository\org\springframework\spring-test\5.3.0-RC1\spring-test-5.3.0-RC1.jar;C:\Users\lifan\.m2\repository\org\xmlunit\xmlunit-core\2.7.0\xmlunit-core-2.7.0.jar;"/>
    <property name="java.vm.vendor" value="Oracle Corporation"/>
    <property name="sun.arch.data.model" value="64"/>
    <property name="user.variant" value=""/>
    <property name="java.vendor.url" value="https://java.oracle.com/"/>
    <property name="user.timezone" value="America/Denver"/>
    <property name="os.name" value="Windows 10"/>
    <property name="java.vm.specification.version" value="14"/>
    <property name="sun.java.launcher" value="SUN_STANDARD"/>
    <property name="user.country" value="US"/>
    <property name="sun.boot.library.path" value="C:\Program Files\Java\jdk-14\bin"/>
    <property name="sun.java.command" value="C:\Users\lifan\AppData\Local\Temp\surefire9962404858301230497\surefirebooter12539319642656346454.jar C:\Users\lifan\AppData\Local\Temp\surefire9962404858301230497 2020-09-17T18-26-15_446-jvmRun1 surefire1133078277345507412tmp surefire_011551799622479197191tmp"/>
    <property name="jdk.debug" value="release"/>
    <property name="surefire.test.class.path" value="C:\Users\lifan\Desktop\Java\conference-demo\conference-demo\target\test-classes;C:\Users\lifan\Desktop\Java\conference-demo\conference-demo\target\classes;C:\Users\lifan\.m2\repository\org\springframework\boot\spring-boot-starter-web\2.4.0-SNAPSHOT\spring-boot-starter-web-2.4.0-SNAPSHOT.jar;C:\Users\lifan\.m2\repository\org\springframework\boot\spring-boot-starter\2.4.0-SNAPSHOT\spring-boot-starter-2.4.0-SNAPSHOT.jar;C:\Users\lifan\.m2\repository\org\springframework\boot\spring-boot\2.4.0-SNAPSHOT\spring-boot-2.4.0-SNAPSHOT.jar;C:\Users\lifan\.m2\repository\org\springframework\boot\spring-boot-autoconfigure\2.4.0-SNAPSHOT\spring-boot-autoconfigure-2.4.0-SNAPSHOT.jar;C:\Users\lifan\.m2\repository\org\springframework\boot\spring-boot-starter-logging\2.4.0-SNAPSHOT\spring-boot-starter-logging-2.4.0-SNAPSHOT.jar;C:\Users\lifan\.m2\repository\ch\qos\logback\logback-classic\1.2.3\logback-classic-1.2.3.jar;C:\Users\lifan\.m2\repository\ch\qos\logback\logback-core\1.2.3\logback-core-1.2.3.jar;C:\Users\lifan\.m2\repository\org\apache\logging\log4j\log4j-to-slf4j\2.13.3\log4j-to-slf4j-2.13.3.jar;C:\Users\lifan\.m2\repository\org\apache\logging\log4j\log4j-api\2.13.3\log4j-api-2.13.3.jar;C:\Users\lifan\.m2\repository\org\slf4j\jul-to-slf4j\1.7.30\jul-to-slf4j-1.7.30.jar;C:\Users\lifan\.m2\repository\jakarta\annotation\jakarta.annotation-api\1.3.5\jakarta.annotation-api-1.3.5.jar;C:\Users\lifan\.m2\repository\org\yaml\snakeyaml\1.27\snakeyaml-1.27.jar;C:\Users\lifan\.m2\repository\org\springframework\boot\spring-boot-starter-json\2.4.0-SNAPSHOT\spring-boot-starter-json-2.4.0-SNAPSHOT.jar;C:\Users\lifan\.m2\repository\com\fasterxml\jackson\core\jackson-databind\2.11.2\jackson-databind-2.11.2.jar;C:\Users\lifan\.m2\repository\com\fasterxml\jackson\core\jackson-annotations\2.11.2\jackson-annotations-2.11.2.jar;C:\Users\lifan\.m2\repository\com\fasterxml\jackson\core\jackson-core\2.11.2\jackson-core-2.11.2.jar;C:\Users\lifan\.m2\repository\com\fasterxml\jackson\datatype\jackson-datatype-jdk8\2.11.2\jackson-datatype-jdk8-2.11.2.jar;C:\Users\lifan\.m2\repository\com\fasterxml\jackson\datatype\jackson-datatype-jsr310\2.11.2\jackson-datatype-jsr310-2.11.2.jar;C:\Users\lifan\.m2\repository\com\fasterxml\jackson\module\jackson-module-parameter-names\2.11.2\jackson-module-parameter-names-2.11.2.jar;C:\Users\lifan\.m2\repository\org\springframework\boot\spring-boot-starter-tomcat\2.4.0-SNAPSHOT\spring-boot-starter-tomcat-2.4.0-SNAPSHOT.jar;C:\Users\lifan\.m2\repository\org\apache\tomcat\embed\tomcat-embed-core\9.0.38\tomcat-embed-core-9.0.38.jar;C:\Users\lifan\.m2\repository\org\apache\tomcat\embed\tomcat-embed-websocket\9.0.38\tomcat-embed-websocket-9.0.38.jar;C:\Users\lifan\.m2\repository\org\springframework\spring-web\5.3.0-RC1\spring-web-5.3.0-RC1.jar;C:\Users\lifan\.m2\repository\org\springframework\spring-beans\5.3.0-RC1\spring-beans-5.3.0-RC1.jar;C:\Users\lifan\.m2\repository\org\springframework\spring-webmvc\5.3.0-RC1\spring-webmvc-5.3.0-RC1.jar;C:\Users\lifan\.m2\repository\org\springframework\spring-aop\5.3.0-RC1\spring-aop-5.3.0-RC1.jar;C:\Users\lifan\.m2\repository\org\springframework\spring-context\5.3.0-RC1\spring-context-5.3.0-RC1.jar;C:\Users\lifan\.m2\repository\org\springframework\spring-expression\5.3.0-RC1\spring-expression-5.3.0-RC1.jar;C:\Users\lifan\.m2\repository\org\springframework\boot\spring-boot-starter-jetty\2.4.0-SNAPSHOT\spring-boot-starter-jetty-2.4.0-SNAPSHOT.jar;C:\Users\lifan\.m2\repository\jakarta\servlet\jakarta.servlet-api\4.0.4\jakarta.servlet-api-4.0.4.jar;C:\Users\lifan\.m2\repository\jakarta\websocket\jakarta.websocket-api\1.1.2\jakarta.websocket-api-1.1.2.jar;C:\Users\lifan\.m2\repository\org\eclipse\jetty\jetty-servlets\9.4.31.v20200723\jetty-servlets-9.4.31.v20200723.jar;C:\Users\lifan\.m2\repository\org\eclipse\jetty\jetty-continuation\9.4.31.v20200723\jetty-continuation-9.4.31.v20200723.jar;C:\Users\lifan\.m2\repository\org\eclipse\jetty\jetty-http\9.4.31.v20200723\jetty-http-9.4.31.v20200723.jar;C:\Users\lifan\.m2\repository\org\eclipse\jetty\jetty-util\9.4.31.v20200723\jetty-util-9.4.31.v20200723.jar;C:\Users\lifan\.m2\repository\org\eclipse\jetty\jetty-io\9.4.31.v20200723\jetty-io-9.4.31.v20200723.jar;C:\Users\lifan\.m2\repository\org\eclipse\jetty\jetty-webapp\9.4.31.v20200723\jetty-webapp-9.4.31.v20200723.jar;C:\Users\lifan\.m2\repository\org\eclipse\jetty\jetty-xml\9.4.31.v20200723\jetty-xml-9.4.31.v20200723.jar;C:\Users\lifan\.m2\repository\org\eclipse\jetty\jetty-servlet\9.4.31.v20200723\jetty-servlet-9.4.31.v20200723.jar;C:\Users\lifan\.m2\repository\org\eclipse\jetty\jetty-security\9.4.31.v20200723\jetty-security-9.4.31.v20200723.jar;C:\Users\lifan\.m2\repository\org\eclipse\jetty\jetty-server\9.4.31.v20200723\jetty-server-9.4.31.v20200723.jar;C:\Users\lifan\.m2\repository\org\eclipse\jetty\websocket\websocket-server\9.4.31.v20200723\websocket-server-9.4.31.v20200723.jar;C:\Users\lifan\.m2\repository\org\eclipse\jetty\websocket\websocket-common\9.4.31.v20200723\websocket-common-9.4.31.v20200723.jar;C:\Users\lifan\.m2\repository\org\eclipse\jetty\websocket\websocket-api\9.4.31.v20200723\websocket-api-9.4.31.v20200723.jar;C:\Users\lifan\.m2\repository\org\eclipse\jetty\websocket\websocket-client\9.4.31.v20200723\websocket-client-9.4.31.v20200723.jar;C:\Users\lifan\.m2\repository\org\eclipse\jetty\jetty-client\9.4.31.v20200723\jetty-client-9.4.31.v20200723.jar;C:\Users\lifan\.m2\repository\org\eclipse\jetty\websocket\websocket-servlet\9.4.31.v20200723\websocket-servlet-9.4.31.v20200723.jar;C:\Users\lifan\.m2\repository\org\eclipse\jetty\websocket\javax-websocket-server-impl\9.4.31.v20200723\javax-websocket-server-impl-9.4.31.v20200723.jar;C:\Users\lifan\.m2\repository\org\eclipse\jetty\jetty-annotations\9.4.31.v20200723\jetty-annotations-9.4.31.v20200723.jar;C:\Users\lifan\.m2\repository\org\eclipse\jetty\jetty-plus\9.4.31.v20200723\jetty-plus-9.4.31.v20200723.jar;C:\Users\lifan\.m2\repository\org\ow2\asm\asm\7.3.1\asm-7.3.1.jar;C:\Users\lifan\.m2\repository\org\ow2\asm\asm-commons\7.3.1\asm-commons-7.3.1.jar;C:\Users\lifan\.m2\repository\org\ow2\asm\asm-tree\7.3.1\asm-tree-7.3.1.jar;C:\Users\lifan\.m2\repository\org\ow2\asm\asm-analysis\7.3.1\asm-analysis-7.3.1.jar;C:\Users\lifan\.m2\repository\org\eclipse\jetty\websocket\javax-websocket-client-impl\9.4.31.v20200723\javax-websocket-client-impl-9.4.31.v20200723.jar;C:\Users\lifan\.m2\repository\org\glassfish\jakarta.el\3.0.3\jakarta.el-3.0.3.jar;C:\Users\lifan\.m2\repository\org\springframework\boot\spring-boot-starter-data-jpa\2.4.0-SNAPSHOT\spring-boot-starter-data-jpa-2.4.0-SNAPSHOT.jar;C:\Users\lifan\.m2\repository\org\springframework\boot\spring-boot-starter-aop\2.4.0-SNAPSHOT\spring-boot-starter-aop-2.4.0-SNAPSHOT.jar;C:\Users\lifan\.m2\repository\org\aspectj\aspectjweaver\1.9.6\aspectjweaver-1.9.6.jar;C:\Users\lifan\.m2\repository\org\springframework\boot\spring-boot-starter-jdbc\2.4.0-SNAPSHOT\spring-boot-starter-jdbc-2.4.0-SNAPSHOT.jar;C:\Users\lifan\.m2\repository\com\zaxxer\HikariCP\3.4.5\HikariCP-3.4.5.jar;C:\Users\lifan\.m2\repository\org\springframework\spring-jdbc\5.3.0-RC1\spring-jdbc-5.3.0-RC1.jar;C:\Users\lifan\.m2\repository\jakarta\transaction\jakarta.transaction-api\1.3.3\jakarta.transaction-api-1.3.3.jar;C:\Users\lifan\.m2\repository\jakarta\persistence\jakarta.persistence-api\2.2.3\jakarta.persistence-api-2.2.3.jar;C:\Users\lifan\.m2\repository\org\hibernate\hibernate-core\5.4.21.Final\hibernate-core-5.4.21.Final.jar;C:\Users\lifan\.m2\repository\org\jboss\logging\jboss-logging\3.4.1.Final\jboss-logging-3.4.1.Final.jar;C:\Users\lifan\.m2\repository\org\javassist\javassist\3.24.0-GA\javassist-3.24.0-GA.jar;C:\Users\lifan\.m2\repository\net\bytebuddy\byte-buddy\1.10.14\byte-buddy-1.10.14.jar;C:\Users\lifan\.m2\repository\antlr\antlr\2.7.7\antlr-2.7.7.jar;C:\Users\lifan\.m2\repository\org\jboss\jandex\2.1.3.Final\jandex-2.1.3.Final.jar;C:\Users\lifan\.m2\repository\com\fasterxml\classmate\1.5.1\classmate-1.5.1.jar;C:\Users\lifan\.m2\repository\org\dom4j\dom4j\2.1.3\dom4j-2.1.3.jar;C:\Users\lifan\.m2\repository\org\hibernate\common\hibernate-commons-annotations\5.1.0.Final\hibernate-commons-annotations-5.1.0.Final.jar;C:\Users\lifan\.m2\repository\org\glassfish\jaxb\jaxb-runtime\2.3.3\jaxb-runtime-2.3.3.jar;C:\Users\lifan\.m2\repository\org\glassfish\jaxb\txw2\2.3.3\txw2-2.3.3.jar;C:\Users\lifan\.m2\repository\com\sun\istack\istack-commons-runtime\3.0.11\istack-commons-runtime-3.0.11.jar;C:\Users\lifan\.m2\repository\com\sun\activation\jakarta.activation\1.2.2\jakarta.activation-1.2.2.jar;C:\Users\lifan\.m2\repository\org\springframework\data\spring-data-jpa\2.4.0-RC1\spring-data-jpa-2.4.0-RC1.jar;C:\Users\lifan\.m2\repository\org\springframework\data\spring-data-commons\2.4.0-RC1\spring-data-commons-2.4.0-RC1.jar;C:\Users\lifan\.m2\repository\org\springframework\spring-orm\5.3.0-RC1\spring-orm-5.3.0-RC1.jar;C:\Users\lifan\.m2\repository\org\springframework\spring-tx\5.3.0-RC1\spring-tx-5.3.0-RC1.jar;C:\Users\lifan\.m2\repository\org\slf4j\slf4j-api\1.7.30\slf4j-api-1.7.30.jar;C:\Users\lifan\.m2\repository\org\springframework\spring-aspects\5.3.0-RC1\spring-aspects-5.3.0-RC1.jar;C:\Users\lifan\.m2\repository\org\postgresql\postgresql\42.2.16\postgresql-42.2.16.jar;C:\Users\lifan\.m2\repository\org\checkerframework\checker-qual\3.5.0\checker-qual-3.5.0.jar;C:\Users\lifan\.m2\repository\org\springframework\boot\spring-boot-starter-test\2.4.0-SNAPSHOT\spring-boot-starter-test-2.4.0-SNAPSHOT.jar;C:\Users\lifan\.m2\repository\org\springframework\boot\spring-boot-test\2.4.0-SNAPSHOT\spring-boot-test-2.4.0-SNAPSHOT.jar;C:\Users\lifan\.m2\repository\org\springframework\boot\spring-boot-test-autoconfigure\2.4.0-SNAPSHOT\spring-boot-test-autoconfigure-2.4.0-SNAPSHOT.jar;C:\Users\lifan\.m2\repository\com\jayway\jsonpath\json-path\2.4.0\json-path-2.4.0.jar;C:\Users\lifan\.m2\repository\net\minidev\json-smart\2.3\json-smart-2.3.jar;C:\Users\lifan\.m2\repository\net\minidev\accessors-smart\1.2\accessors-smart-1.2.jar;C:\Users\lifan\.m2\repository\jakarta\xml\bind\jakarta.xml.bind-api\2.3.3\jakarta.xml.bind-api-2.3.3.jar;C:\Users\lifan\.m2\repository\jakarta\activation\jakarta.activation-api\1.2.2\jakarta.activation-api-1.2.2.jar;C:\Users\lifan\.m2\repository\org\assertj\assertj-core\3.17.2\assertj-core-3.17.2.jar;C:\Users\lifan\.m2\repository\org\hamcrest\hamcrest\2.2\hamcrest-2.2.jar;C:\Users\lifan\.m2\repository\org\junit\jupiter\junit-jupiter\5.7.0\junit-jupiter-5.7.0.jar;C:\Users\lifan\.m2\repository\org\junit\jupiter\junit-jupiter-api\5.7.0\junit-jupiter-api-5.7.0.jar;C:\Users\lifan\.m2\repository\org\apiguardian\apiguardian-api\1.1.0\apiguardian-api-1.1.0.jar;C:\Users\lifan\.m2\repository\org\opentest4j\opentest4j\1.2.0\opentest4j-1.2.0.jar;C:\Users\lifan\.m2\repository\org\junit\platform\junit-platform-commons\1.7.0\junit-platform-commons-1.7.0.jar;C:\Users\lifan\.m2\repository\org\junit\jupiter\junit-jupiter-params\5.7.0\junit-jupiter-params-5.7.0.jar;C:\Users\lifan\.m2\repository\org\junit\jupiter\junit-jupiter-engine\5.7.0\junit-jupiter-engine-5.7.0.jar;C:\Users\lifan\.m2\repository\org\junit\platform\junit-platform-engine\1.7.0\junit-platform-engine-1.7.0.jar;C:\Users\lifan\.m2\repository\org\mockito\mockito-core\3.5.10\mockito-core-3.5.10.jar;C:\Users\lifan\.m2\repository\net\bytebuddy\byte-buddy-agent\1.10.14\byte-buddy-agent-1.10.14.jar;C:\Users\lifan\.m2\repository\org\objenesis\objenesis\3.1\objenesis-3.1.jar;C:\Users\lifan\.m2\repository\org\mockito\mockito-junit-jupiter\3.5.10\mockito-junit-jupiter-3.5.10.jar;C:\Users\lifan\.m2\repository\org\skyscreamer\jsonassert\1.5.0\jsonassert-1.5.0.jar;C:\Users\lifan\.m2\repository\com\vaadin\external\google\android-json\0.0.20131108.vaadin1\android-json-0.0.20131108.vaadin1.jar;C:\Users\lifan\.m2\repository\org\springframework\spring-core\5.3.0-RC1\spring-core-5.3.0-RC1.jar;C:\Users\lifan\.m2\repository\org\springframework\spring-jcl\5.3.0-RC1\spring-jcl-5.3.0-RC1.jar;C:\Users\lifan\.m2\repository\org\springframework\spring-test\5.3.0-RC1\spring-test-5.3.0-RC1.jar;C:\Users\lifan\.m2\repository\org\xmlunit\xmlunit-core\2.7.0\xmlunit-core-2.7.0.jar;"/>
    <property name="sun.cpu.endian" value="little"/>
    <property name="user.home" value="C:\Users\lifan"/>
    <property name="user.language" value="en"/>
    <property name="java.specification.vendor" value="Oracle Corporation"/>
    <property name="java.version.date" value="2020-03-17"/>
    <property name="java.home" value="C:\Program Files\Java\jdk-14"/>
    <property name="file.separator" value="\"/>
    <property name="basedir" value="C:\Users\lifan\Desktop\Java\conference-demo\conference-demo"/>
    <property name="java.vm.compressedOopsMode" value="32-bit"/>
    <property name="line.separator" value="&#10;"/>
    <property name="idea.version2019.2.4" value="true"/>
    <property name="java.vm.specification.vendor" value="Oracle Corporation"/>
    <property name="java.specification.name" value="Java Platform API Specification"/>
    <property name="surefire.real.class.path" value="C:\Users\lifan\AppData\Local\Temp\surefire9962404858301230497\surefirebooter12539319642656346454.jar"/>
    <property name="user.script" value=""/>
    <property name="sun.management.compiler" value="HotSpot 64-Bit Tiered Compilers"/>
    <property name="java.runtime.version" value="14+36-1461"/>
    <property name="user.name" value="lifan"/>
    <property name="path.separator" value=";"/>
    <property name="os.version" value="10.0"/>
    <property name="java.runtime.name" value="Java(TM) SE Runtime Environment"/>
    <property name="file.encoding" value="Cp1252"/>
    <property name="java.vm.name" value="Java HotSpot(TM) 64-Bit Server VM"/>
    <property name="localRepository" value="C:\Users\lifan\.m2\repository"/>
    <property name="java.vendor.url.bug" value="https://bugreport.java.com/bugreport/"/>
    <property name="java.io.tmpdir" value="C:\Users\lifan\AppData\Local\Temp\"/>
    <property name="java.version" value="14"/>
    <property name="user.dir" value="C:\Users\lifan\Desktop\Java\conference-demo\conference-demo"/>
    <property name="os.arch" value="amd64"/>
    <property name="java.vm.specification.name" value="Java Virtual Machine Specification"/>
    <property name="sun.os.patch.level" value=""/>
    <property name="java.library.path" value="C:\Program Files\Java\jdk-14\bin;C:\Windows\Sun\Java\bin;C:\Windows\system32;C:\Windows;C:\Program Files\Common Files\Oracle\Java\javapath;C:\Python38\Scripts\;C:\Python38\;C:\Program Files (x86)\Common Files\Oracle\Java\javapath;C:\Windows\system32;C:\Windows;C:\Windows\System32\Wbem;C:\Windows\System32\WindowsPowerShell\v1.0\;C:\Windows\System32\OpenSSH\;C:\Program Files (x86)\NVIDIA Corporation\PhysX\Common;C:\Program Files\NVIDIA Corporation\NVIDIA NvDLISR;C:\Program Files\dotnet\;C:\Program Files\Microsoft SQL Server\130\Tools\Binn\;C:\Program Files\Microsoft SQL Server\Client SDK\ODBC\170\Tools\Binn\;C:\Program Files\Git\cmd;C:\Program Files\PostgreSQL\12\bin;C:\Program Files\nodejs\;C:\ProgramData\chocolatey\bin;C:\Program Files\Amazon\AWSCLIV2\;C:\Users\lifan\Desktop\Java\apache-maven-3.6.3-bin\apache-maven-3.6.3\bin;C:\Users\lifan\Desktop\Java\spring-boot-cli-2.3.3.RELEASE-bin\spring-2.3.3.RELEASE\bin;C:\Users\lifan\AppData\Local\Programs\Python\Python37-32\Scripts\;C:\Users\lifan\AppData\Local\Programs\Python\Python37-32\;C:\Users\lifan\AppData\Local\Microsoft\WindowsApps;C:\Users\lifan\AppData\Local\Programs\Microsoft VS Code\bin;C:\Program Files\heroku\bin;C:\Users\lifan\AppData\Roaming\npm;C:\Users\lifan\AppData\Local\GitHubDesktop\bin;C:\Program Files (x86)\Nmap;C:\Users\lifan\.dotnet\tools;."/>
    <property name="java.vm.info" value="mixed mode, sharing"/>
    <property name="java.vendor" value="Oracle Corporation"/>
    <property name="java.vm.version" value="14+36-1461"/>
    <property name="sun.io.unicode.encoding" value="UnicodeLittle"/>
    <property name="java.class.version" value="58.0"/>
  </properties>
  <testcase name="contextLoads" classname="com.pluralsight.conferencedemo.ConferenceDemoApplicationTests" time="0.197"/>
</testsuite>